{"/media/madukubah/Hetfield/MITRAIS/TRAINING/PROJECT/simple-express-api-crud/handler/person.js": {"path":"/media/madukubah/Hetfield/MITRAIS/TRAINING/PROJECT/simple-express-api-crud/handler/person.js","statementMap":{"0":{"start":{"line":1,"column":19},"end":{"line":1,"column":41}},"1":{"start":{"line":2,"column":19},"end":{"line":2,"column":45}},"2":{"start":{"line":4,"column":15},"end":{"line":10,"column":1}},"3":{"start":{"line":5,"column":4},"end":{"line":9,"column":11}},"4":{"start":{"line":7,"column":12},"end":{"line":7,"column":46}},"5":{"start":{"line":8,"column":12},"end":{"line":8,"column":30}},"6":{"start":{"line":12,"column":22},"end":{"line":30,"column":1}},"7":{"start":{"line":13,"column":4},"end":{"line":29,"column":7}},"8":{"start":{"line":15,"column":8},"end":{"line":15,"column":42}},"9":{"start":{"line":16,"column":22},"end":{"line":16,"column":24}},"10":{"start":{"line":17,"column":8},"end":{"line":20,"column":24}},"11":{"start":{"line":18,"column":12},"end":{"line":20,"column":24}},"12":{"start":{"line":19,"column":16},"end":{"line":19,"column":35}},"13":{"start":{"line":22,"column":20},"end":{"line":22,"column":49}},"14":{"start":{"line":23,"column":23},"end":{"line":27,"column":9}},"15":{"start":{"line":24,"column":12},"end":{"line":26,"column":55}},"16":{"start":{"line":28,"column":8},"end":{"line":28,"column":24}},"17":{"start":{"line":32,"column":17},"end":{"line":48,"column":1}},"18":{"start":{"line":33,"column":4},"end":{"line":33,"column":55}},"19":{"start":{"line":33,"column":19},"end":{"line":33,"column":55}},"20":{"start":{"line":34,"column":4},"end":{"line":34,"column":32}},"21":{"start":{"line":35,"column":4},"end":{"line":35,"column":64}},"22":{"start":{"line":35,"column":19},"end":{"line":35,"column":64}},"23":{"start":{"line":37,"column":4},"end":{"line":47,"column":12}},"24":{"start":{"line":39,"column":12},"end":{"line":39,"column":46}},"25":{"start":{"line":40,"column":27},"end":{"line":40,"column":70}},"26":{"start":{"line":40,"column":51},"end":{"line":40,"column":67}},"27":{"start":{"line":41,"column":12},"end":{"line":42,"column":39}},"28":{"start":{"line":42,"column":16},"end":{"line":42,"column":39}},"29":{"start":{"line":43,"column":12},"end":{"line":43,"column":27}},"30":{"start":{"line":46,"column":12},"end":{"line":46,"column":22}},"31":{"start":{"line":50,"column":21},"end":{"line":72,"column":1}},"32":{"start":{"line":51,"column":17},"end":{"line":51,"column":29}},"33":{"start":{"line":52,"column":4},"end":{"line":52,"column":28}},"34":{"start":{"line":53,"column":4},"end":{"line":53,"column":25}},"35":{"start":{"line":55,"column":4},"end":{"line":71,"column":12}},"36":{"start":{"line":57,"column":12},"end":{"line":57,"column":46}},"37":{"start":{"line":58,"column":31},"end":{"line":58,"column":47}},"38":{"start":{"line":59,"column":12},"end":{"line":59,"column":42}},"39":{"start":{"line":61,"column":12},"end":{"line":67,"column":16}},"40":{"start":{"line":63,"column":16},"end":{"line":63,"column":33}},"41":{"start":{"line":66,"column":16},"end":{"line":66,"column":26}},"42":{"start":{"line":70,"column":12},"end":{"line":70,"column":22}},"43":{"start":{"line":74,"column":21},"end":{"line":95,"column":1}},"44":{"start":{"line":75,"column":4},"end":{"line":94,"column":12}},"45":{"start":{"line":77,"column":12},"end":{"line":77,"column":44}},"46":{"start":{"line":78,"column":27},"end":{"line":78,"column":70}},"47":{"start":{"line":78,"column":51},"end":{"line":78,"column":67}},"48":{"start":{"line":80,"column":12},"end":{"line":90,"column":13}},"49":{"start":{"line":81,"column":16},"end":{"line":87,"column":20}},"50":{"start":{"line":83,"column":20},"end":{"line":83,"column":50}},"51":{"start":{"line":86,"column":20},"end":{"line":86,"column":31}},"52":{"start":{"line":89,"column":16},"end":{"line":89,"column":48}},"53":{"start":{"line":93,"column":12},"end":{"line":93,"column":23}},"54":{"start":{"line":96,"column":0},"end":{"line":102,"column":2}}},"fnMap":{"0":{"name":"(anonymous_0)","decl":{"start":{"line":4,"column":15},"end":{"line":4,"column":16}},"loc":{"start":{"line":4,"column":29},"end":{"line":10,"column":1}},"line":4},"1":{"name":"(anonymous_1)","decl":{"start":{"line":6,"column":15},"end":{"line":6,"column":16}},"loc":{"start":{"line":6,"column":25},"end":{"line":9,"column":9}},"line":6},"2":{"name":"(anonymous_2)","decl":{"start":{"line":12,"column":22},"end":{"line":12,"column":23}},"loc":{"start":{"line":12,"column":46},"end":{"line":30,"column":1}},"line":12},"3":{"name":"(anonymous_3)","decl":{"start":{"line":14,"column":11},"end":{"line":14,"column":12}},"loc":{"start":{"line":14,"column":21},"end":{"line":29,"column":5}},"line":14},"4":{"name":"(anonymous_4)","decl":{"start":{"line":18,"column":56},"end":{"line":18,"column":57}},"loc":{"start":{"line":18,"column":61},"end":{"line":20,"column":13}},"line":18},"5":{"name":"(anonymous_5)","decl":{"start":{"line":23,"column":42},"end":{"line":23,"column":43}},"loc":{"start":{"line":24,"column":12},"end":{"line":26,"column":55}},"line":24},"6":{"name":"(anonymous_6)","decl":{"start":{"line":32,"column":17},"end":{"line":32,"column":18}},"loc":{"start":{"line":32,"column":38},"end":{"line":48,"column":1}},"line":32},"7":{"name":"(anonymous_7)","decl":{"start":{"line":38,"column":15},"end":{"line":38,"column":16}},"loc":{"start":{"line":38,"column":25},"end":{"line":44,"column":9}},"line":38},"8":{"name":"(anonymous_8)","decl":{"start":{"line":40,"column":46},"end":{"line":40,"column":47}},"loc":{"start":{"line":40,"column":51},"end":{"line":40,"column":67}},"line":40},"9":{"name":"(anonymous_9)","decl":{"start":{"line":45,"column":16},"end":{"line":45,"column":17}},"loc":{"start":{"line":45,"column":23},"end":{"line":47,"column":9}},"line":45},"10":{"name":"(anonymous_10)","decl":{"start":{"line":50,"column":21},"end":{"line":50,"column":22}},"loc":{"start":{"line":50,"column":37},"end":{"line":72,"column":1}},"line":50},"11":{"name":"(anonymous_11)","decl":{"start":{"line":56,"column":15},"end":{"line":56,"column":16}},"loc":{"start":{"line":56,"column":25},"end":{"line":68,"column":9}},"line":56},"12":{"name":"(anonymous_12)","decl":{"start":{"line":62,"column":19},"end":{"line":62,"column":20}},"loc":{"start":{"line":62,"column":23},"end":{"line":64,"column":13}},"line":62},"13":{"name":"(anonymous_13)","decl":{"start":{"line":65,"column":20},"end":{"line":65,"column":21}},"loc":{"start":{"line":65,"column":27},"end":{"line":67,"column":13}},"line":65},"14":{"name":"(anonymous_14)","decl":{"start":{"line":69,"column":16},"end":{"line":69,"column":17}},"loc":{"start":{"line":69,"column":23},"end":{"line":71,"column":9}},"line":69},"15":{"name":"(anonymous_15)","decl":{"start":{"line":74,"column":21},"end":{"line":74,"column":22}},"loc":{"start":{"line":74,"column":35},"end":{"line":95,"column":1}},"line":74},"16":{"name":"(anonymous_16)","decl":{"start":{"line":76,"column":15},"end":{"line":76,"column":16}},"loc":{"start":{"line":76,"column":25},"end":{"line":91,"column":9}},"line":76},"17":{"name":"(anonymous_17)","decl":{"start":{"line":78,"column":46},"end":{"line":78,"column":47}},"loc":{"start":{"line":78,"column":51},"end":{"line":78,"column":67}},"line":78},"18":{"name":"(anonymous_18)","decl":{"start":{"line":82,"column":23},"end":{"line":82,"column":24}},"loc":{"start":{"line":82,"column":27},"end":{"line":84,"column":17}},"line":82},"19":{"name":"(anonymous_19)","decl":{"start":{"line":85,"column":24},"end":{"line":85,"column":25}},"loc":{"start":{"line":85,"column":31},"end":{"line":87,"column":17}},"line":85},"20":{"name":"(anonymous_20)","decl":{"start":{"line":92,"column":16},"end":{"line":92,"column":17}},"loc":{"start":{"line":92,"column":23},"end":{"line":94,"column":9}},"line":92}},"branchMap":{"0":{"loc":{"start":{"line":12,"column":30},"end":{"line":12,"column":40}},"type":"default-arg","locations":[{"start":{"line":12,"column":38},"end":{"line":12,"column":40}}],"line":12},"1":{"loc":{"start":{"line":17,"column":8},"end":{"line":20,"column":24}},"type":"if","locations":[{"start":{"line":17,"column":8},"end":{"line":20,"column":24}},{"start":{"line":17,"column":8},"end":{"line":20,"column":24}}],"line":17},"2":{"loc":{"start":{"line":24,"column":12},"end":{"line":26,"column":55}},"type":"binary-expr","locations":[{"start":{"line":24,"column":12},"end":{"line":24,"column":45}},{"start":{"line":25,"column":12},"end":{"line":25,"column":48}},{"start":{"line":26,"column":12},"end":{"line":26,"column":55}}],"line":24},"3":{"loc":{"start":{"line":33,"column":4},"end":{"line":33,"column":55}},"type":"if","locations":[{"start":{"line":33,"column":4},"end":{"line":33,"column":55}},{"start":{"line":33,"column":4},"end":{"line":33,"column":55}}],"line":33},"4":{"loc":{"start":{"line":35,"column":4},"end":{"line":35,"column":64}},"type":"if","locations":[{"start":{"line":35,"column":4},"end":{"line":35,"column":64}},{"start":{"line":35,"column":4},"end":{"line":35,"column":64}}],"line":35},"5":{"loc":{"start":{"line":41,"column":12},"end":{"line":42,"column":39}},"type":"if","locations":[{"start":{"line":41,"column":12},"end":{"line":42,"column":39}},{"start":{"line":41,"column":12},"end":{"line":42,"column":39}}],"line":41},"6":{"loc":{"start":{"line":80,"column":12},"end":{"line":90,"column":13}},"type":"if","locations":[{"start":{"line":80,"column":12},"end":{"line":90,"column":13}},{"start":{"line":80,"column":12},"end":{"line":90,"column":13}}],"line":80}},"s":{"0":1,"1":1,"2":1,"3":1,"4":1,"5":1,"6":1,"7":2,"8":2,"9":2,"10":2,"11":1,"12":1,"13":2,"14":2,"15":28,"16":2,"17":1,"18":4,"19":1,"20":3,"21":3,"22":1,"23":2,"24":2,"25":2,"26":28,"27":2,"28":1,"29":2,"30":0,"31":1,"32":1,"33":1,"34":1,"35":1,"36":1,"37":1,"38":1,"39":1,"40":1,"41":0,"42":0,"43":1,"44":0,"45":0,"46":0,"47":0,"48":0,"49":0,"50":0,"51":0,"52":0,"53":0,"54":1},"f":{"0":1,"1":1,"2":2,"3":2,"4":1,"5":28,"6":4,"7":2,"8":28,"9":0,"10":1,"11":1,"12":1,"13":0,"14":0,"15":0,"16":0,"17":0,"18":0,"19":0,"20":0},"b":{"0":[1],"1":[1,1],"2":[28,3,0],"3":[1,3],"4":[1,2],"5":[1,1],"6":[0,0]},"_coverageSchema":"1a1c01bbd47fc00a2c39e90264f33305004495a9","hash":"894eb9faaace4c6d6afc570e1e0d2ff629e00e3c"}
}
