{"D:\\Training\\WEEK 3\\simple-express-api-crud\\src\\controller\\person.js": {"path":"D:\\Training\\WEEK 3\\simple-express-api-crud\\src\\controller\\person.js","statementMap":{"0":{"start":{"line":1,"column":19},"end":{"line":1,"column":41}},"1":{"start":{"line":2,"column":22},"end":{"line":2,"column":50}},"2":{"start":{"line":3,"column":24},"end":{"line":3,"column":50}},"3":{"start":{"line":5,"column":14},"end":{"line":13,"column":1}},"4":{"start":{"line":6,"column":4},"end":{"line":12,"column":8}},"5":{"start":{"line":8,"column":8},"end":{"line":8,"column":43}},"6":{"start":{"line":11,"column":8},"end":{"line":11,"column":36}},"7":{"start":{"line":15,"column":17},"end":{"line":26,"column":1}},"8":{"start":{"line":16,"column":4},"end":{"line":25,"column":7}},"9":{"start":{"line":18,"column":8},"end":{"line":18,"column":43}},"10":{"start":{"line":21,"column":8},"end":{"line":24,"column":48}},"11":{"start":{"line":22,"column":12},"end":{"line":22,"column":55}},"12":{"start":{"line":24,"column":12},"end":{"line":24,"column":48}},"13":{"start":{"line":28,"column":15},"end":{"line":36,"column":1}},"14":{"start":{"line":29,"column":4},"end":{"line":35,"column":8}},"15":{"start":{"line":31,"column":8},"end":{"line":31,"column":43}},"16":{"start":{"line":34,"column":8},"end":{"line":34,"column":36}},"17":{"start":{"line":38,"column":15},"end":{"line":49,"column":1}},"18":{"start":{"line":39,"column":4},"end":{"line":48,"column":7}},"19":{"start":{"line":41,"column":8},"end":{"line":41,"column":41}},"20":{"start":{"line":44,"column":8},"end":{"line":47,"column":48}},"21":{"start":{"line":45,"column":12},"end":{"line":45,"column":55}},"22":{"start":{"line":47,"column":12},"end":{"line":47,"column":48}},"23":{"start":{"line":51,"column":15},"end":{"line":62,"column":1}},"24":{"start":{"line":52,"column":4},"end":{"line":61,"column":7}},"25":{"start":{"line":54,"column":8},"end":{"line":54,"column":41}},"26":{"start":{"line":57,"column":8},"end":{"line":60,"column":48}},"27":{"start":{"line":58,"column":12},"end":{"line":58,"column":55}},"28":{"start":{"line":60,"column":12},"end":{"line":60,"column":48}},"29":{"start":{"line":64,"column":0},"end":{"line":70,"column":2}}},"fnMap":{"0":{"name":"(anonymous_0)","decl":{"start":{"line":5,"column":14},"end":{"line":5,"column":15}},"loc":{"start":{"line":5,"column":35},"end":{"line":13,"column":1}},"line":5},"1":{"name":"(anonymous_1)","decl":{"start":{"line":7,"column":10},"end":{"line":7,"column":11}},"loc":{"start":{"line":7,"column":23},"end":{"line":9,"column":5}},"line":7},"2":{"name":"(anonymous_2)","decl":{"start":{"line":10,"column":12},"end":{"line":10,"column":13}},"loc":{"start":{"line":10,"column":19},"end":{"line":12,"column":5}},"line":10},"3":{"name":"(anonymous_3)","decl":{"start":{"line":15,"column":17},"end":{"line":15,"column":18}},"loc":{"start":{"line":15,"column":39},"end":{"line":26,"column":1}},"line":15},"4":{"name":"(anonymous_4)","decl":{"start":{"line":17,"column":11},"end":{"line":17,"column":12}},"loc":{"start":{"line":17,"column":24},"end":{"line":19,"column":5}},"line":17},"5":{"name":"(anonymous_5)","decl":{"start":{"line":20,"column":12},"end":{"line":20,"column":13}},"loc":{"start":{"line":20,"column":19},"end":{"line":25,"column":5}},"line":20},"6":{"name":"(anonymous_6)","decl":{"start":{"line":28,"column":15},"end":{"line":28,"column":16}},"loc":{"start":{"line":28,"column":36},"end":{"line":36,"column":1}},"line":28},"7":{"name":"(anonymous_7)","decl":{"start":{"line":30,"column":11},"end":{"line":30,"column":12}},"loc":{"start":{"line":30,"column":24},"end":{"line":32,"column":5}},"line":30},"8":{"name":"(anonymous_8)","decl":{"start":{"line":33,"column":12},"end":{"line":33,"column":13}},"loc":{"start":{"line":33,"column":19},"end":{"line":35,"column":5}},"line":33},"9":{"name":"(anonymous_9)","decl":{"start":{"line":38,"column":15},"end":{"line":38,"column":16}},"loc":{"start":{"line":38,"column":36},"end":{"line":49,"column":1}},"line":38},"10":{"name":"(anonymous_10)","decl":{"start":{"line":40,"column":11},"end":{"line":40,"column":12}},"loc":{"start":{"line":40,"column":24},"end":{"line":42,"column":5}},"line":40},"11":{"name":"(anonymous_11)","decl":{"start":{"line":43,"column":12},"end":{"line":43,"column":13}},"loc":{"start":{"line":43,"column":19},"end":{"line":48,"column":5}},"line":43},"12":{"name":"(anonymous_12)","decl":{"start":{"line":51,"column":15},"end":{"line":51,"column":16}},"loc":{"start":{"line":51,"column":35},"end":{"line":62,"column":1}},"line":51},"13":{"name":"(anonymous_13)","decl":{"start":{"line":53,"column":11},"end":{"line":53,"column":12}},"loc":{"start":{"line":53,"column":24},"end":{"line":55,"column":5}},"line":53},"14":{"name":"(anonymous_14)","decl":{"start":{"line":56,"column":12},"end":{"line":56,"column":13}},"loc":{"start":{"line":56,"column":19},"end":{"line":61,"column":5}},"line":56}},"branchMap":{"0":{"loc":{"start":{"line":21,"column":8},"end":{"line":24,"column":48}},"type":"if","locations":[{"start":{"line":21,"column":8},"end":{"line":24,"column":48}},{"start":{"line":21,"column":8},"end":{"line":24,"column":48}}],"line":21},"1":{"loc":{"start":{"line":44,"column":8},"end":{"line":47,"column":48}},"type":"if","locations":[{"start":{"line":44,"column":8},"end":{"line":47,"column":48}},{"start":{"line":44,"column":8},"end":{"line":47,"column":48}}],"line":44},"2":{"loc":{"start":{"line":57,"column":8},"end":{"line":60,"column":48}},"type":"if","locations":[{"start":{"line":57,"column":8},"end":{"line":60,"column":48}},{"start":{"line":57,"column":8},"end":{"line":60,"column":48}}],"line":57}},"s":{"0":1,"1":1,"2":1,"3":1,"4":1,"5":1,"6":0,"7":1,"8":4,"9":1,"10":3,"11":3,"12":0,"13":1,"14":1,"15":1,"16":0,"17":1,"18":2,"19":1,"20":1,"21":1,"22":0,"23":1,"24":1,"25":0,"26":1,"27":1,"28":0,"29":1},"f":{"0":1,"1":1,"2":0,"3":4,"4":1,"5":3,"6":1,"7":1,"8":0,"9":2,"10":1,"11":1,"12":1,"13":0,"14":1},"b":{"0":[3,0],"1":[1,0],"2":[1,0]},"_coverageSchema":"1a1c01bbd47fc00a2c39e90264f33305004495a9","hash":"6e7f01dbb52bb721fe049a7fe75b0e944f9483c7"}
,"D:\\Training\\WEEK 3\\simple-express-api-crud\\src\\handler\\person.js": {"path":"D:\\Training\\WEEK 3\\simple-express-api-crud\\src\\handler\\person.js","statementMap":{"0":{"start":{"line":1,"column":19},"end":{"line":1,"column":41}},"1":{"start":{"line":2,"column":19},"end":{"line":2,"column":45}},"2":{"start":{"line":6,"column":4},"end":{"line":6,"column":30}},"3":{"start":{"line":8,"column":16},"end":{"line":8,"column":38}},"4":{"start":{"line":10,"column":15},"end":{"line":16,"column":1}},"5":{"start":{"line":11,"column":4},"end":{"line":15,"column":11}},"6":{"start":{"line":13,"column":12},"end":{"line":13,"column":46}},"7":{"start":{"line":14,"column":12},"end":{"line":14,"column":30}},"8":{"start":{"line":18,"column":22},"end":{"line":36,"column":1}},"9":{"start":{"line":19,"column":4},"end":{"line":35,"column":7}},"10":{"start":{"line":21,"column":8},"end":{"line":21,"column":42}},"11":{"start":{"line":22,"column":22},"end":{"line":22,"column":24}},"12":{"start":{"line":23,"column":8},"end":{"line":26,"column":24}},"13":{"start":{"line":24,"column":12},"end":{"line":26,"column":24}},"14":{"start":{"line":25,"column":16},"end":{"line":25,"column":35}},"15":{"start":{"line":28,"column":20},"end":{"line":28,"column":49}},"16":{"start":{"line":29,"column":23},"end":{"line":33,"column":9}},"17":{"start":{"line":30,"column":12},"end":{"line":32,"column":55}},"18":{"start":{"line":34,"column":8},"end":{"line":34,"column":24}},"19":{"start":{"line":38,"column":17},"end":{"line":55,"column":1}},"20":{"start":{"line":39,"column":4},"end":{"line":39,"column":65}},"21":{"start":{"line":39,"column":19},"end":{"line":39,"column":65}},"22":{"start":{"line":40,"column":4},"end":{"line":40,"column":32}},"23":{"start":{"line":41,"column":4},"end":{"line":41,"column":74}},"24":{"start":{"line":41,"column":19},"end":{"line":41,"column":74}},"25":{"start":{"line":43,"column":4},"end":{"line":54,"column":12}},"26":{"start":{"line":45,"column":12},"end":{"line":45,"column":46}},"27":{"start":{"line":46,"column":27},"end":{"line":46,"column":70}},"28":{"start":{"line":46,"column":51},"end":{"line":46,"column":67}},"29":{"start":{"line":47,"column":12},"end":{"line":50,"column":60}},"30":{"start":{"line":48,"column":16},"end":{"line":48,"column":35}},"31":{"start":{"line":50,"column":16},"end":{"line":50,"column":60}},"32":{"start":{"line":53,"column":12},"end":{"line":53,"column":21}},"33":{"start":{"line":57,"column":21},"end":{"line":83,"column":1}},"34":{"start":{"line":58,"column":33},"end":{"line":58,"column":37}},"35":{"start":{"line":59,"column":4},"end":{"line":60,"column":56}},"36":{"start":{"line":60,"column":8},"end":{"line":60,"column":56}},"37":{"start":{"line":62,"column":17},"end":{"line":62,"column":29}},"38":{"start":{"line":63,"column":4},"end":{"line":63,"column":28}},"39":{"start":{"line":64,"column":4},"end":{"line":64,"column":25}},"40":{"start":{"line":66,"column":4},"end":{"line":82,"column":12}},"41":{"start":{"line":68,"column":12},"end":{"line":68,"column":46}},"42":{"start":{"line":69,"column":31},"end":{"line":69,"column":47}},"43":{"start":{"line":70,"column":12},"end":{"line":70,"column":42}},"44":{"start":{"line":72,"column":12},"end":{"line":78,"column":16}},"45":{"start":{"line":74,"column":16},"end":{"line":74,"column":33}},"46":{"start":{"line":77,"column":16},"end":{"line":77,"column":26}},"47":{"start":{"line":81,"column":12},"end":{"line":81,"column":21}},"48":{"start":{"line":85,"column":21},"end":{"line":106,"column":1}},"49":{"start":{"line":86,"column":4},"end":{"line":105,"column":12}},"50":{"start":{"line":88,"column":12},"end":{"line":88,"column":44}},"51":{"start":{"line":89,"column":27},"end":{"line":89,"column":70}},"52":{"start":{"line":89,"column":51},"end":{"line":89,"column":67}},"53":{"start":{"line":91,"column":12},"end":{"line":101,"column":13}},"54":{"start":{"line":92,"column":16},"end":{"line":98,"column":20}},"55":{"start":{"line":94,"column":20},"end":{"line":94,"column":50}},"56":{"start":{"line":97,"column":20},"end":{"line":97,"column":30}},"57":{"start":{"line":100,"column":16},"end":{"line":100,"column":60}},"58":{"start":{"line":104,"column":12},"end":{"line":104,"column":22}},"59":{"start":{"line":108,"column":0},"end":{"line":114,"column":2}}},"fnMap":{"0":{"name":"(anonymous_0)","decl":{"start":{"line":10,"column":15},"end":{"line":10,"column":16}},"loc":{"start":{"line":10,"column":29},"end":{"line":16,"column":1}},"line":10},"1":{"name":"(anonymous_1)","decl":{"start":{"line":12,"column":15},"end":{"line":12,"column":16}},"loc":{"start":{"line":12,"column":25},"end":{"line":15,"column":9}},"line":12},"2":{"name":"(anonymous_2)","decl":{"start":{"line":18,"column":22},"end":{"line":18,"column":23}},"loc":{"start":{"line":18,"column":46},"end":{"line":36,"column":1}},"line":18},"3":{"name":"(anonymous_3)","decl":{"start":{"line":20,"column":11},"end":{"line":20,"column":12}},"loc":{"start":{"line":20,"column":21},"end":{"line":35,"column":5}},"line":20},"4":{"name":"(anonymous_4)","decl":{"start":{"line":24,"column":56},"end":{"line":24,"column":57}},"loc":{"start":{"line":24,"column":61},"end":{"line":26,"column":13}},"line":24},"5":{"name":"(anonymous_5)","decl":{"start":{"line":29,"column":42},"end":{"line":29,"column":43}},"loc":{"start":{"line":30,"column":12},"end":{"line":32,"column":55}},"line":30},"6":{"name":"(anonymous_6)","decl":{"start":{"line":38,"column":17},"end":{"line":38,"column":18}},"loc":{"start":{"line":38,"column":38},"end":{"line":55,"column":1}},"line":38},"7":{"name":"(anonymous_7)","decl":{"start":{"line":44,"column":15},"end":{"line":44,"column":16}},"loc":{"start":{"line":44,"column":25},"end":{"line":51,"column":9}},"line":44},"8":{"name":"(anonymous_8)","decl":{"start":{"line":46,"column":46},"end":{"line":46,"column":47}},"loc":{"start":{"line":46,"column":51},"end":{"line":46,"column":67}},"line":46},"9":{"name":"(anonymous_9)","decl":{"start":{"line":52,"column":16},"end":{"line":52,"column":17}},"loc":{"start":{"line":52,"column":23},"end":{"line":54,"column":9}},"line":52},"10":{"name":"(anonymous_10)","decl":{"start":{"line":57,"column":21},"end":{"line":57,"column":22}},"loc":{"start":{"line":57,"column":37},"end":{"line":83,"column":1}},"line":57},"11":{"name":"(anonymous_11)","decl":{"start":{"line":67,"column":15},"end":{"line":67,"column":16}},"loc":{"start":{"line":67,"column":25},"end":{"line":79,"column":9}},"line":67},"12":{"name":"(anonymous_12)","decl":{"start":{"line":73,"column":19},"end":{"line":73,"column":20}},"loc":{"start":{"line":73,"column":23},"end":{"line":75,"column":13}},"line":73},"13":{"name":"(anonymous_13)","decl":{"start":{"line":76,"column":20},"end":{"line":76,"column":21}},"loc":{"start":{"line":76,"column":27},"end":{"line":78,"column":13}},"line":76},"14":{"name":"(anonymous_14)","decl":{"start":{"line":80,"column":16},"end":{"line":80,"column":17}},"loc":{"start":{"line":80,"column":23},"end":{"line":82,"column":9}},"line":80},"15":{"name":"(anonymous_15)","decl":{"start":{"line":85,"column":21},"end":{"line":85,"column":22}},"loc":{"start":{"line":85,"column":41},"end":{"line":106,"column":1}},"line":85},"16":{"name":"(anonymous_16)","decl":{"start":{"line":87,"column":15},"end":{"line":87,"column":16}},"loc":{"start":{"line":87,"column":25},"end":{"line":102,"column":9}},"line":87},"17":{"name":"(anonymous_17)","decl":{"start":{"line":89,"column":46},"end":{"line":89,"column":47}},"loc":{"start":{"line":89,"column":51},"end":{"line":89,"column":67}},"line":89},"18":{"name":"(anonymous_18)","decl":{"start":{"line":93,"column":23},"end":{"line":93,"column":24}},"loc":{"start":{"line":93,"column":27},"end":{"line":95,"column":17}},"line":93},"19":{"name":"(anonymous_19)","decl":{"start":{"line":96,"column":24},"end":{"line":96,"column":25}},"loc":{"start":{"line":96,"column":31},"end":{"line":98,"column":17}},"line":96},"20":{"name":"(anonymous_20)","decl":{"start":{"line":103,"column":16},"end":{"line":103,"column":17}},"loc":{"start":{"line":103,"column":23},"end":{"line":105,"column":9}},"line":103}},"branchMap":{"0":{"loc":{"start":{"line":18,"column":30},"end":{"line":18,"column":40}},"type":"default-arg","locations":[{"start":{"line":18,"column":38},"end":{"line":18,"column":40}}],"line":18},"1":{"loc":{"start":{"line":23,"column":8},"end":{"line":26,"column":24}},"type":"if","locations":[{"start":{"line":23,"column":8},"end":{"line":26,"column":24}},{"start":{"line":23,"column":8},"end":{"line":26,"column":24}}],"line":23},"2":{"loc":{"start":{"line":30,"column":12},"end":{"line":32,"column":55}},"type":"binary-expr","locations":[{"start":{"line":30,"column":12},"end":{"line":30,"column":45}},{"start":{"line":31,"column":12},"end":{"line":31,"column":48}},{"start":{"line":32,"column":12},"end":{"line":32,"column":55}}],"line":30},"3":{"loc":{"start":{"line":39,"column":4},"end":{"line":39,"column":65}},"type":"if","locations":[{"start":{"line":39,"column":4},"end":{"line":39,"column":65}},{"start":{"line":39,"column":4},"end":{"line":39,"column":65}}],"line":39},"4":{"loc":{"start":{"line":41,"column":4},"end":{"line":41,"column":74}},"type":"if","locations":[{"start":{"line":41,"column":4},"end":{"line":41,"column":74}},{"start":{"line":41,"column":4},"end":{"line":41,"column":74}}],"line":41},"5":{"loc":{"start":{"line":47,"column":12},"end":{"line":50,"column":60}},"type":"if","locations":[{"start":{"line":47,"column":12},"end":{"line":50,"column":60}},{"start":{"line":47,"column":12},"end":{"line":50,"column":60}}],"line":47},"6":{"loc":{"start":{"line":59,"column":4},"end":{"line":60,"column":56}},"type":"if","locations":[{"start":{"line":59,"column":4},"end":{"line":60,"column":56}},{"start":{"line":59,"column":4},"end":{"line":60,"column":56}}],"line":59},"7":{"loc":{"start":{"line":59,"column":11},"end":{"line":59,"column":33}},"type":"binary-expr","locations":[{"start":{"line":59,"column":11},"end":{"line":59,"column":15}},{"start":{"line":59,"column":19},"end":{"line":59,"column":26}},{"start":{"line":59,"column":30},"end":{"line":59,"column":33}}],"line":59},"8":{"loc":{"start":{"line":91,"column":12},"end":{"line":101,"column":13}},"type":"if","locations":[{"start":{"line":91,"column":12},"end":{"line":101,"column":13}},{"start":{"line":91,"column":12},"end":{"line":101,"column":13}}],"line":91}},"s":{"0":1,"1":1,"2":1,"3":1,"4":1,"5":1,"6":1,"7":1,"8":1,"9":1,"10":1,"11":1,"12":1,"13":1,"14":3,"15":1,"16":1,"17":28,"18":1,"19":1,"20":4,"21":1,"22":3,"23":3,"24":1,"25":2,"26":2,"27":2,"28":56,"29":2,"30":1,"31":1,"32":1,"33":1,"34":2,"35":2,"36":1,"37":1,"38":1,"39":1,"40":1,"41":1,"42":1,"43":1,"44":1,"45":1,"46":0,"47":0,"48":1,"49":1,"50":1,"51":1,"52":29,"53":1,"54":0,"55":0,"56":0,"57":1,"58":1,"59":1},"f":{"0":1,"1":1,"2":1,"3":1,"4":3,"5":28,"6":4,"7":2,"8":56,"9":1,"10":2,"11":1,"12":1,"13":0,"14":0,"15":1,"16":1,"17":29,"18":0,"19":0,"20":1},"b":{"0":[0],"1":[1,0],"2":[28,27,27],"3":[1,3],"4":[1,2],"5":[1,1],"6":[1,1],"7":[2,1,1],"8":[0,1]},"_coverageSchema":"1a1c01bbd47fc00a2c39e90264f33305004495a9","hash":"a992a7f66bfdc51086725b06ee03c1c9ce6d2179"}
,"D:\\Training\\WEEK 3\\simple-express-api-crud\\src\\helper\\error.js": {"path":"D:\\Training\\WEEK 3\\simple-express-api-crud\\src\\helper\\error.js","statementMap":{"0":{"start":{"line":4,"column":8},"end":{"line":4,"column":27}},"1":{"start":{"line":5,"column":8},"end":{"line":5,"column":26}},"2":{"start":{"line":11,"column":8},"end":{"line":11,"column":27}},"3":{"start":{"line":12,"column":8},"end":{"line":12,"column":26}},"4":{"start":{"line":18,"column":8},"end":{"line":18,"column":27}},"5":{"start":{"line":19,"column":8},"end":{"line":19,"column":26}},"6":{"start":{"line":23,"column":0},"end":{"line":27,"column":2}}},"fnMap":{"0":{"name":"(anonymous_0)","decl":{"start":{"line":3,"column":4},"end":{"line":3,"column":5}},"loc":{"start":{"line":3,"column":29},"end":{"line":6,"column":5}},"line":3},"1":{"name":"(anonymous_1)","decl":{"start":{"line":10,"column":4},"end":{"line":10,"column":5}},"loc":{"start":{"line":10,"column":29},"end":{"line":13,"column":5}},"line":10},"2":{"name":"(anonymous_2)","decl":{"start":{"line":17,"column":4},"end":{"line":17,"column":5}},"loc":{"start":{"line":17,"column":29},"end":{"line":20,"column":5}},"line":17}},"branchMap":{},"s":{"0":5,"1":5,"2":2,"3":2,"4":3,"5":3,"6":1},"f":{"0":5,"1":2,"2":3},"b":{},"_coverageSchema":"1a1c01bbd47fc00a2c39e90264f33305004495a9","hash":"4ea5dcfdaa635b03b00a9262172af3cf6e605f9a"}
,"D:\\Training\\WEEK 3\\simple-express-api-crud\\src\\model\\person.js": {"path":"D:\\Training\\WEEK 3\\simple-express-api-crud\\src\\model\\person.js","statementMap":{"0":{"start":{"line":1,"column":11},"end":{"line":1,"column":24}},"1":{"start":{"line":3,"column":24},"end":{"line":3,"column":50}},"2":{"start":{"line":5,"column":0},"end":{"line":35,"column":1}},"3":{"start":{"line":12,"column":8},"end":{"line":12,"column":34}},"4":{"start":{"line":13,"column":8},"end":{"line":13,"column":32}},"5":{"start":{"line":14,"column":8},"end":{"line":14,"column":40}},"6":{"start":{"line":18,"column":19},"end":{"line":18,"column":51}},"7":{"start":{"line":19,"column":23},"end":{"line":19,"column":41}},"8":{"start":{"line":20,"column":8},"end":{"line":20,"column":35}},"9":{"start":{"line":21,"column":8},"end":{"line":21,"column":47}},"10":{"start":{"line":22,"column":8},"end":{"line":22,"column":29}},"11":{"start":{"line":23,"column":8},"end":{"line":23,"column":72}},"12":{"start":{"line":27,"column":8},"end":{"line":32,"column":9}}},"fnMap":{"0":{"name":"(anonymous_0)","decl":{"start":{"line":11,"column":4},"end":{"line":11,"column":5}},"loc":{"start":{"line":11,"column":25},"end":{"line":15,"column":5}},"line":11},"1":{"name":"(anonymous_1)","decl":{"start":{"line":17,"column":4},"end":{"line":17,"column":5}},"loc":{"start":{"line":17,"column":20},"end":{"line":24,"column":5}},"line":17},"2":{"name":"(anonymous_2)","decl":{"start":{"line":26,"column":4},"end":{"line":26,"column":5}},"loc":{"start":{"line":26,"column":15},"end":{"line":33,"column":5}},"line":26}},"branchMap":{},"s":{"0":1,"1":1,"2":1,"3":1,"4":1,"5":1,"6":1,"7":1,"8":1,"9":1,"10":1,"11":1,"12":1},"f":{"0":1,"1":1,"2":1},"b":{},"_coverageSchema":"1a1c01bbd47fc00a2c39e90264f33305004495a9","hash":"dada269ad217e3545c1cbfcc83f72ca16114d75a"}
}
