TN:
SF:handler/person.js
FN:4,(anonymous_0)
FN:6,(anonymous_1)
FN:12,(anonymous_2)
FN:14,(anonymous_3)
FN:18,(anonymous_4)
FN:23,(anonymous_5)
FN:32,(anonymous_6)
FN:38,(anonymous_7)
FN:40,(anonymous_8)
FN:45,(anonymous_9)
FN:50,(anonymous_10)
FN:56,(anonymous_11)
FN:62,(anonymous_12)
FN:65,(anonymous_13)
FN:69,(anonymous_14)
FN:74,(anonymous_15)
FN:76,(anonymous_16)
FN:78,(anonymous_17)
FN:82,(anonymous_18)
FN:85,(anonymous_19)
FN:92,(anonymous_20)
FNF:21
FNH:12
FNDA:1,(anonymous_0)
FNDA:1,(anonymous_1)
FNDA:2,(anonymous_2)
FNDA:2,(anonymous_3)
FNDA:1,(anonymous_4)
FNDA:28,(anonymous_5)
FNDA:4,(anonymous_6)
FNDA:2,(anonymous_7)
FNDA:28,(anonymous_8)
FNDA:0,(anonymous_9)
FNDA:1,(anonymous_10)
FNDA:1,(anonymous_11)
FNDA:1,(anonymous_12)
FNDA:0,(anonymous_13)
FNDA:0,(anonymous_14)
FNDA:0,(anonymous_15)
FNDA:0,(anonymous_16)
FNDA:0,(anonymous_17)
FNDA:0,(anonymous_18)
FNDA:0,(anonymous_19)
FNDA:0,(anonymous_20)
DA:1,1
DA:2,1
DA:4,1
DA:5,1
DA:7,1
DA:8,1
DA:12,1
DA:13,2
DA:15,2
DA:16,2
DA:17,2
DA:18,1
DA:19,1
DA:22,2
DA:23,2
DA:24,28
DA:28,2
DA:32,1
DA:33,4
DA:34,3
DA:35,3
DA:37,2
DA:39,2
DA:40,28
DA:41,2
DA:42,1
DA:43,2
DA:46,0
DA:50,1
DA:51,1
DA:52,1
DA:53,1
DA:55,1
DA:57,1
DA:58,1
DA:59,1
DA:61,1
DA:63,1
DA:66,0
DA:70,0
DA:74,1
DA:75,0
DA:77,0
DA:78,0
DA:80,0
DA:81,0
DA:83,0
DA:86,0
DA:89,0
DA:93,0
DA:96,1
LF:51
LH:39
BRDA:12,0,0,1
BRDA:17,1,0,1
BRDA:17,1,1,1
BRDA:24,2,0,28
BRDA:24,2,1,3
BRDA:24,2,2,0
BRDA:33,3,0,1
BRDA:33,3,1,3
BRDA:35,4,0,1
BRDA:35,4,1,2
BRDA:41,5,0,1
BRDA:41,5,1,1
BRDA:80,6,0,0
BRDA:80,6,1,0
BRF:14
BRH:11
end_of_record
